youtube-app-flutter-main/build/app/intermediates/manifest_merge_blame_file/debug/manifest-merger-blame-debug-report.txt
1<?xml version="1.0" encoding="utf-8"?>
2<manifest xmlns:android="http://schemas.android.com/apk/res/android"
3    package="com.edgeNRoots.standups"
4    android:versionCode="3"
5    android:versionName="1.0.0" >
6
7    <uses-sdk
8        android:minSdkVersion="21"
9        android:targetSdkVersion="34" />
10    <!--
11         The INTERNET permission is required for development. Specifically,
12         the Flutter tool needs it to communicate with the running application
13         to allow setting breakpoints, to provide hot reload, etc.
14    -->
15    <uses-permission android:name="android.permission.INTERNET" />
15-->src\main\AndroidManifest.xml:5:5-67
15-->src\main\AndroidManifest.xml:5:22-64
16    <uses-permission android:name="android.permission.ACCESS_NETWORK_STATE" />
16-->src\main\AndroidManifest.xml:6:5-79
16-->src\main\AndroidManifest.xml:6:22-76
17    <!--
18 Required to query activities that can process text, see:
19         https://developer.android.com/training/package-visibility?hl=en and
20         https://developer.android.com/reference/android/content/Intent#ACTION_PROCESS_TEXT.
21
22         In particular, this is used by the Flutter engine in io.flutter.plugin.text.ProcessTextPlugin.
23    -->
24    <queries>
24-->src\main\AndroidManifest.xml:46:5-51:15
25        <intent>
25-->src\main\AndroidManifest.xml:47:9-50:18
26            <action android:name="android.intent.action.PROCESS_TEXT" />
26-->src\main\AndroidManifest.xml:48:13-72
26-->src\main\AndroidManifest.xml:48:21-70
27
28            <data android:mimeType="text/plain" />
28-->src\main\AndroidManifest.xml:49:13-50
28-->src\main\AndroidManifest.xml:49:19-48
29        </intent>
30        <intent>
30-->[:flutter_inappwebview_android] AndroidManifest.xml:10:9-12:18
31            <action android:name="android.support.customtabs.action.CustomTabsService" />
31-->[:flutter_inappwebview_android] AndroidManifest.xml:11:13-90
31-->[:flutter_inappwebview_android] AndroidManifest.xml:11:21-87
32        </intent>
33    </queries>
34
35    <permission
35-->[androidx.core:core:1.13.1] AndroidManifest.xml:22:5-24:47
36        android:name="com.edgeNRoots.standups.DYNAMIC_RECEIVER_NOT_EXPORTED_PERMISSION"
36-->[androidx.core:core:1.13.1] AndroidManifest.xml:23:9-81
37        android:protectionLevel="signature" />
37-->[androidx.core:core:1.13.1] AndroidManifest.xml:24:9-44
38
39    <uses-permission android:name="com.edgeNRoots.standups.DYNAMIC_RECEIVER_NOT_EXPORTED_PERMISSION" />
39-->[androidx.core:core:1.13.1] AndroidManifest.xml:26:5-97
39-->[androidx.core:core:1.13.1] AndroidManifest.xml:26:22-94
40
41    <application
42        android:name="android.app.Application"
43        android:appComponentFactory="androidx.core.app.CoreComponentFactory"
43-->[androidx.core:core:1.13.1] AndroidManifest.xml:28:18-86
44        android:debuggable="true"
45        android:icon="@mipmap/ic_launcher"
46        android:label="Standups" >
47        <activity
48            android:name="com.edgeNRoots.standups.MainActivity"
49            android:configChanges="orientation|keyboardHidden|keyboard|screenSize|smallestScreenSize|locale|layoutDirection|fontScale|screenLayout|density|uiMode"
50            android:exported="true"
51            android:hardwareAccelerated="true"
52            android:launchMode="singleTop"
53            android:theme="@style/LaunchTheme"
54            android:windowSoftInputMode="adjustResize" >
55
56            <!--
57                 Specifies an Android theme to apply to this Activity as soon as
58                 the Android process has started. This theme is visible to the user
59                 while the Flutter UI initializes. After that, this theme continues
60                 to determine the Window background behind the Flutter UI.
61            -->
62            <meta-data
63                android:name="io.flutter.embedding.android.NormalTheme"
64                android:resource="@style/NormalTheme" />
65
66            <intent-filter>
67                <action android:name="android.intent.action.MAIN" />
68
69                <category android:name="android.intent.category.LAUNCHER" />
70            </intent-filter>
71        </activity>
72        <!--
73             Don't delete the meta-data below.
74             This is used by the Flutter tool to generate GeneratedPluginRegistrant.java
75        -->
76        <meta-data
77            android:name="flutterEmbedding"
78            android:value="2" />
79
80        <activity
80-->[:flutter_inappwebview_android] AndroidManifest.xml:16:9-20:47
81            android:name="com.pichillilorenzo.flutter_inappwebview_android.in_app_browser.InAppBrowserActivity"
81-->[:flutter_inappwebview_android] AndroidManifest.xml:17:13-112
82            android:configChanges="orientation|keyboardHidden|keyboard|screenSize|locale|layoutDirection|fontScale|screenLayout|density"
82-->[:flutter_inappwebview_android] AndroidManifest.xml:18:13-137
83            android:exported="false"
83-->[:flutter_inappwebview_android] AndroidManifest.xml:19:13-37
84            android:theme="@style/AppTheme" />
84-->[:flutter_inappwebview_android] AndroidManifest.xml:20:13-44
85        <activity
85-->[:flutter_inappwebview_android] AndroidManifest.xml:21:9-24:55
86            android:name="com.pichillilorenzo.flutter_inappwebview_android.chrome_custom_tabs.ChromeCustomTabsActivity"
86-->[:flutter_inappwebview_android] AndroidManifest.xml:22:13-120
87            android:exported="false"
87-->[:flutter_inappwebview_android] AndroidManifest.xml:23:13-37
88            android:theme="@style/ThemeTransparent" />
88-->[:flutter_inappwebview_android] AndroidManifest.xml:24:13-52
89        <activity
89-->[:flutter_inappwebview_android] AndroidManifest.xml:25:9-28:55
90            android:name="com.pichillilorenzo.flutter_inappwebview_android.chrome_custom_tabs.TrustedWebActivity"
90-->[:flutter_inappwebview_android] AndroidManifest.xml:26:13-114
91            android:exported="false"
91-->[:flutter_inappwebview_android] AndroidManifest.xml:27:13-37
92            android:theme="@style/ThemeTransparent" />
92-->[:flutter_inappwebview_android] AndroidManifest.xml:28:13-52
93        <activity
93-->[:flutter_inappwebview_android] AndroidManifest.xml:29:9-33:55
94            android:name="com.pichillilorenzo.flutter_inappwebview_android.chrome_custom_tabs.ChromeCustomTabsActivitySingleInstance"
94-->[:flutter_inappwebview_android] AndroidManifest.xml:30:13-134
95            android:exported="false"
95-->[:flutter_inappwebview_android] AndroidManifest.xml:31:13-37
96            android:launchMode="singleInstance"
96-->[:flutter_inappwebview_android] AndroidManifest.xml:32:13-48
97            android:theme="@style/ThemeTransparent" />
97-->[:flutter_inappwebview_android] AndroidManifest.xml:33:13-52
98        <activity
98-->[:flutter_inappwebview_android] AndroidManifest.xml:34:9-38:55
99            android:name="com.pichillilorenzo.flutter_inappwebview_android.chrome_custom_tabs.TrustedWebActivitySingleInstance"
99-->[:flutter_inappwebview_android] AndroidManifest.xml:35:13-128
100            android:exported="false"
100-->[:flutter_inappwebview_android] AndroidManifest.xml:36:13-37
101            android:launchMode="singleInstance"
101-->[:flutter_inappwebview_android] AndroidManifest.xml:37:13-48
102            android:theme="@style/ThemeTransparent" />
102-->[:flutter_inappwebview_android] AndroidManifest.xml:38:13-52
103
104        <receiver
104-->[:flutter_inappwebview_android] AndroidManifest.xml:40:9-43:40
105            android:name="com.pichillilorenzo.flutter_inappwebview_android.chrome_custom_tabs.ActionBroadcastReceiver"
105-->[:flutter_inappwebview_android] AndroidManifest.xml:41:13-119
106            android:enabled="true"
106-->[:flutter_inappwebview_android] AndroidManifest.xml:42:13-35
107            android:exported="false" />
107-->[:flutter_inappwebview_android] AndroidManifest.xml:43:13-37
108
109        <meta-data
109-->[:flutter_inappwebview_android] AndroidManifest.xml:45:9-47:36
110            android:name="io.flutter.embedded_views_preview"
110-->[:flutter_inappwebview_android] AndroidManifest.xml:46:13-61
111            android:value="true" />
111-->[:flutter_inappwebview_android] AndroidManifest.xml:47:13-33
112
113        <provider
113-->[:image_picker_android] AndroidManifest.xml:11:9-19:20
114            android:name="io.flutter.plugins.imagepicker.ImagePickerFileProvider"
114-->[:image_picker_android] AndroidManifest.xml:12:13-82
115            android:authorities="com.edgeNRoots.standups.flutter.image_provider"
115-->[:image_picker_android] AndroidManifest.xml:13:13-74
116            android:exported="false"
116-->[:image_picker_android] AndroidManifest.xml:14:13-37
117            android:grantUriPermissions="true" >
117-->[:image_picker_android] AndroidManifest.xml:15:13-47
118            <meta-data
118-->[:image_picker_android] AndroidManifest.xml:16:13-18:75
119                android:name="android.support.FILE_PROVIDER_PATHS"
119-->[:image_picker_android] AndroidManifest.xml:17:17-67
120                android:resource="@xml/flutter_image_picker_file_paths" />
120-->[:image_picker_android] AndroidManifest.xml:18:17-72
121        </provider> <!-- Trigger Google Play services to install the backported photo picker module. -->
122        <service
122-->[:image_picker_android] AndroidManifest.xml:21:9-33:19
123            android:name="com.google.android.gms.metadata.ModuleDependencies"
123-->[:image_picker_android] AndroidManifest.xml:22:13-78
124            android:enabled="false"
124-->[:image_picker_android] AndroidManifest.xml:23:13-36
125            android:exported="false" >
125-->[:image_picker_android] AndroidManifest.xml:24:13-37
126            <intent-filter>
126-->[:image_picker_android] AndroidManifest.xml:26:13-28:29
127                <action android:name="com.google.android.gms.metadata.MODULE_DEPENDENCIES" />
127-->[:image_picker_android] AndroidManifest.xml:27:17-94
127-->[:image_picker_android] AndroidManifest.xml:27:25-91
128            </intent-filter>
129
130            <meta-data
130-->[:image_picker_android] AndroidManifest.xml:30:13-32:36
131                android:name="photopicker_activity:0:required"
131-->[:image_picker_android] AndroidManifest.xml:31:17-63
132                android:value="" />
132-->[:image_picker_android] AndroidManifest.xml:32:17-33
133        </service>
134
135        <activity
135-->[:url_launcher_android] AndroidManifest.xml:10:9-13:74
136            android:name="io.flutter.plugins.urllauncher.WebViewActivity"
136-->[:url_launcher_android] AndroidManifest.xml:11:13-74
137            android:exported="false"
137-->[:url_launcher_android] AndroidManifest.xml:12:13-37
138            android:theme="@android:style/Theme.NoTitleBar.Fullscreen" />
138-->[:url_launcher_android] AndroidManifest.xml:13:13-71
139
140        <uses-library
140-->[androidx.window:window:1.2.0] AndroidManifest.xml:23:9-25:40
141            android:name="androidx.window.extensions"
141-->[androidx.window:window:1.2.0] AndroidManifest.xml:24:13-54
142            android:required="false" />
142-->[androidx.window:window:1.2.0] AndroidManifest.xml:25:13-37
143        <uses-library
143-->[androidx.window:window:1.2.0] AndroidManifest.xml:26:9-28:40
144            android:name="androidx.window.sidecar"
144-->[androidx.window:window:1.2.0] AndroidManifest.xml:27:13-51
145            android:required="false" />
145-->[androidx.window:window:1.2.0] AndroidManifest.xml:28:13-37
146
147        <provider
147-->[androidx.emoji2:emoji2:1.2.0] AndroidManifest.xml:24:9-32:20
148            android:name="androidx.startup.InitializationProvider"
148-->[androidx.emoji2:emoji2:1.2.0] AndroidManifest.xml:25:13-67
149            android:authorities="com.edgeNRoots.standups.androidx-startup"
149-->[androidx.emoji2:emoji2:1.2.0] AndroidManifest.xml:26:13-68
150            android:exported="false" >
150-->[androidx.emoji2:emoji2:1.2.0] AndroidManifest.xml:27:13-37
151            <meta-data
151-->[androidx.emoji2:emoji2:1.2.0] AndroidManifest.xml:29:13-31:52
152                android:name="androidx.emoji2.text.EmojiCompatInitializer"
152-->[androidx.emoji2:emoji2:1.2.0] AndroidManifest.xml:30:17-75
153                android:value="androidx.startup" />
153-->[androidx.emoji2:emoji2:1.2.0] AndroidManifest.xml:31:17-49
154            <meta-data
154-->[androidx.lifecycle:lifecycle-process:2.7.0] AndroidManifest.xml:29:13-31:52
155                android:name="androidx.lifecycle.ProcessLifecycleInitializer"
155-->[androidx.lifecycle:lifecycle-process:2.7.0] AndroidManifest.xml:30:17-78
156                android:value="androidx.startup" />
156-->[androidx.lifecycle:lifecycle-process:2.7.0] AndroidManifest.xml:31:17-49
157            <meta-data
157-->[androidx.profileinstaller:profileinstaller:1.3.1] AndroidManifest.xml:29:13-31:52
158                android:name="androidx.profileinstaller.ProfileInstallerInitializer"
158-->[androidx.profileinstaller:profileinstaller:1.3.1] AndroidManifest.xml:30:17-85
159                android:value="androidx.startup" />
159-->[androidx.profileinstaller:profileinstaller:1.3.1] AndroidManifest.xml:31:17-49
160        </provider>
161
162        <receiver
162-->[androidx.profileinstaller:profileinstaller:1.3.1] AndroidManifest.xml:34:9-52:20
163            android:name="androidx.profileinstaller.ProfileInstallReceiver"
163-->[androidx.profileinstaller:profileinstaller:1.3.1] AndroidManifest.xml:35:13-76
164            android:directBootAware="false"
164-->[androidx.profileinstaller:profileinstaller:1.3.1] AndroidManifest.xml:36:13-44
165            android:enabled="true"
165-->[androidx.profileinstaller:profileinstaller:1.3.1] AndroidManifest.xml:37:13-35
166            android:exported="true"
166-->[androidx.profileinstaller:profileinstaller:1.3.1] AndroidManifest.xml:38:13-36
167            android:permission="android.permission.DUMP" >
167-->[androidx.profileinstaller:profileinstaller:1.3.1] AndroidManifest.xml:39:13-57
168            <intent-filter>
168-->[androidx.profileinstaller:profileinstaller:1.3.1] AndroidManifest.xml:40:13-42:29
169                <action android:name="androidx.profileinstaller.action.INSTALL_PROFILE" />
169-->[androidx.profileinstaller:profileinstaller:1.3.1] AndroidManifest.xml:41:17-91
169-->[androidx.profileinstaller:profileinstaller:1.3.1] AndroidManifest.xml:41:25-88
170            </intent-filter>
171            <intent-filter>
171-->[androidx.profileinstaller:profileinstaller:1.3.1] AndroidManifest.xml:43:13-45:29
172                <action android:name="androidx.profileinstaller.action.SKIP_FILE" />
172-->[androidx.profileinstaller:profileinstaller:1.3.1] AndroidManifest.xml:44:17-85
172-->[androidx.profileinstaller:profileinstaller:1.3.1] AndroidManifest.xml:44:25-82
173            </intent-filter>
174            <intent-filter>
174-->[androidx.profileinstaller:profileinstaller:1.3.1] AndroidManifest.xml:46:13-48:29
175                <action android:name="androidx.profileinstaller.action.SAVE_PROFILE" />
175-->[androidx.profileinstaller:profileinstaller:1.3.1] AndroidManifest.xml:47:17-88
175-->[androidx.profileinstaller:profileinstaller:1.3.1] AndroidManifest.xml:47:25-85
176            </intent-filter>
177            <intent-filter>
177-->[androidx.profileinstaller:profileinstaller:1.3.1] AndroidManifest.xml:49:13-51:29
178                <action android:name="androidx.profileinstaller.action.BENCHMARK_OPERATION" />
178-->[androidx.profileinstaller:profileinstaller:1.3.1] AndroidManifest.xml:50:17-95
178-->[androidx.profileinstaller:profileinstaller:1.3.1] AndroidManifest.xml:50:25-92
179            </intent-filter>
180        </receiver>
181    </application>
182
183</manifest>